0 info it worked if it ends with ok
1 verbose cli [ '/opt/node-v6.10.0-linux-x64/bin/node',
1 verbose cli   '/opt/node-v6.10.0-linux-x64/bin/npm',
1 verbose cli   'install',
1 verbose cli   '--save',
1 verbose cli   'base64' ]
2 info using npm@3.10.10
3 info using node@v6.10.0
4 silly loadCurrentTree Starting
5 silly install loadCurrentTree
6 silly install readLocalPackageData
7 silly fetchPackageMetaData base64
8 silly fetchNamedPackageData base64
9 silly mapToRegistry name base64
10 silly mapToRegistry using default registry
11 silly mapToRegistry registry https://registry.npmjs.org/
12 silly mapToRegistry data Result {
12 silly mapToRegistry   raw: 'base64',
12 silly mapToRegistry   scope: null,
12 silly mapToRegistry   escapedName: 'base64',
12 silly mapToRegistry   name: 'base64',
12 silly mapToRegistry   rawSpec: '',
12 silly mapToRegistry   spec: 'latest',
12 silly mapToRegistry   type: 'tag' }
13 silly mapToRegistry uri https://registry.npmjs.org/base64
14 verbose request uri https://registry.npmjs.org/base64
15 verbose request no auth needed
16 info attempt registry request try #1 at 9:05:58 PM
17 verbose request id aa013b7ace22e2b9
18 http request GET https://registry.npmjs.org/base64
19 http 200 https://registry.npmjs.org/base64
20 verbose headers { server: 'nginx/1.10.1',
20 verbose headers   'content-type': 'application/json',
20 verbose headers   'last-modified': 'Mon, 13 Oct 2014 17:21:10 GMT',
20 verbose headers   etag: 'W/"543c0a06-2c0f"',
20 verbose headers   'content-encoding': 'gzip',
20 verbose headers   'cache-control': 'max-age=300',
20 verbose headers   'content-length': '2180',
20 verbose headers   'accept-ranges': 'bytes',
20 verbose headers   date: 'Sat, 11 Mar 2017 21:05:58 GMT',
20 verbose headers   via: '1.1 varnish',
20 verbose headers   age: '0',
20 verbose headers   connection: 'keep-alive',
20 verbose headers   'x-served-by': 'cache-lcy1136-LCY',
20 verbose headers   'x-cache': 'MISS',
20 verbose headers   'x-cache-hits': '0',
20 verbose headers   'x-timer': 'S1489266358.925312,VS0,VE18',
20 verbose headers   vary: 'Accept-Encoding' }
21 silly get cb [ 200,
21 silly get   { server: 'nginx/1.10.1',
21 silly get     'content-type': 'application/json',
21 silly get     'last-modified': 'Mon, 13 Oct 2014 17:21:10 GMT',
21 silly get     etag: 'W/"543c0a06-2c0f"',
21 silly get     'content-encoding': 'gzip',
21 silly get     'cache-control': 'max-age=300',
21 silly get     'content-length': '2180',
21 silly get     'accept-ranges': 'bytes',
21 silly get     date: 'Sat, 11 Mar 2017 21:05:58 GMT',
21 silly get     via: '1.1 varnish',
21 silly get     age: '0',
21 silly get     connection: 'keep-alive',
21 silly get     'x-served-by': 'cache-lcy1136-LCY',
21 silly get     'x-cache': 'MISS',
21 silly get     'x-cache-hits': '0',
21 silly get     'x-timer': 'S1489266358.925312,VS0,VE18',
21 silly get     vary: 'Accept-Encoding' } ]
22 verbose get saving base64 to /home/daniel/.npm/registry.npmjs.org/base64/.cache.json
23 verbose correctMkdir /home/daniel/.npm correctMkdir not in flight; initializing
24 silly install normalizeTree
25 silly loadCurrentTree Finishing
26 silly loadIdealTree Starting
27 silly install loadIdealTree
28 silly cloneCurrentTree Starting
29 silly install cloneCurrentTreeToIdealTree
30 silly cloneCurrentTree Finishing
31 silly loadShrinkwrap Starting
32 silly install loadShrinkwrap
33 silly loadShrinkwrap Finishing
34 silly loadAllDepsIntoIdealTree Starting
35 silly install loadAllDepsIntoIdealTree
36 silly resolveWithNewModule base64@2.1.0 checking installable status
37 silly cache add args [ 'base64', null ]
38 verbose cache add spec base64
39 silly cache add parsed spec Result {
39 silly cache add   raw: 'base64',
39 silly cache add   scope: null,
39 silly cache add   escapedName: 'base64',
39 silly cache add   name: 'base64',
39 silly cache add   rawSpec: '',
39 silly cache add   spec: 'latest',
39 silly cache add   type: 'tag' }
40 silly addNamed base64@latest
41 verbose addNamed "latest" is being treated as a dist-tag for base64
42 info addNameTag [ 'base64', 'latest' ]
43 silly mapToRegistry name base64
44 silly mapToRegistry using default registry
45 silly mapToRegistry registry https://registry.npmjs.org/
46 silly mapToRegistry data Result {
46 silly mapToRegistry   raw: 'base64',
46 silly mapToRegistry   scope: null,
46 silly mapToRegistry   escapedName: 'base64',
46 silly mapToRegistry   name: 'base64',
46 silly mapToRegistry   rawSpec: '',
46 silly mapToRegistry   spec: 'latest',
46 silly mapToRegistry   type: 'tag' }
47 silly mapToRegistry uri https://registry.npmjs.org/base64
48 verbose addNameTag registry:https://registry.npmjs.org/base64 not in flight; fetching
49 verbose get https://registry.npmjs.org/base64 not expired, no request
50 silly addNameTag next cb for base64 with tag latest
51 silly addNamed base64@2.1.0
52 verbose addNamed "2.1.0" is a plain semver version for base64
53 silly mapToRegistry name base64
54 silly mapToRegistry using default registry
55 silly mapToRegistry registry https://registry.npmjs.org/
56 silly mapToRegistry data Result {
56 silly mapToRegistry   raw: 'base64',
56 silly mapToRegistry   scope: null,
56 silly mapToRegistry   escapedName: 'base64',
56 silly mapToRegistry   name: 'base64',
56 silly mapToRegistry   rawSpec: '',
56 silly mapToRegistry   spec: 'latest',
56 silly mapToRegistry   type: 'tag' }
57 silly mapToRegistry uri https://registry.npmjs.org/base64
58 verbose addRemoteTarball https://registry.npmjs.org/base64/-/base64-2.1.0.tgz not in flight; adding
59 verbose addRemoteTarball [ 'https://registry.npmjs.org/base64/-/base64-2.1.0.tgz',
59 verbose addRemoteTarball   'c2663daf069203b758fb12b91c516fae87963314' ]
60 info retry fetch attempt 1 at 9:05:59 PM
61 info attempt registry request try #1 at 9:05:59 PM
62 http fetch GET https://registry.npmjs.org/base64/-/base64-2.1.0.tgz
63 http fetch 200 https://registry.npmjs.org/base64/-/base64-2.1.0.tgz
64 silly fetchAndShaCheck shasum c2663daf069203b758fb12b91c516fae87963314
65 verbose addTmpTarball /tmp/npm-7022-09cb3b54/registry.npmjs.org/base64/-/base64-2.1.0.tgz not in flight; adding
66 verbose addTmpTarball already have metadata; skipping unpack for base64@2.1.0
67 verbose correctMkdir /home/daniel/.npm correctMkdir not in flight; initializing
68 silly cache afterAdd base64@2.1.0
69 verbose afterAdd /home/daniel/.npm/base64/2.1.0/package/package.json not in flight; writing
70 verbose correctMkdir /home/daniel/.npm correctMkdir not in flight; initializing
71 verbose afterAdd /home/daniel/.npm/base64/2.1.0/package/package.json written
72 silly loadAllDepsIntoIdealTree Finishing
73 silly loadIdealTree Finishing
74 silly currentTree video-quickstart-node@1.0.0
74 silly currentTree ├── accepts@1.3.3
74 silly currentTree ├── ansi-regex@2.1.1
74 silly currentTree ├── ansi-styles@2.2.1
74 silly currentTree ├── array-flatten@1.1.1
74 silly currentTree ├── asn1@0.2.3
74 silly currentTree ├── assert-plus@0.2.0
74 silly currentTree ├── async@2.1.5
74 silly currentTree ├── aws-sign2@0.6.0
74 silly currentTree ├── aws4@1.6.0
74 silly currentTree ├── babel-runtime@6.23.0
74 silly currentTree ├── base64url@2.0.0
74 silly currentTree ├── bcrypt-pbkdf@1.0.1
74 silly currentTree ├── bl@1.1.2
74 silly currentTree ├── body-parser@1.17.1
74 silly currentTree ├── boom@2.10.1
74 silly currentTree ├── buffer-equal-constant-time@1.0.1
74 silly currentTree ├── bytes@2.4.0
74 silly currentTree ├── caseless@0.11.0
74 silly currentTree ├── chalk@1.1.3
74 silly currentTree ├── combined-stream@1.0.5
74 silly currentTree ├── commander@2.9.0
74 silly currentTree ├── content-disposition@0.5.2
74 silly currentTree ├── content-type@1.0.2
74 silly currentTree ├── cookie-signature@1.0.6
74 silly currentTree ├── cookie@0.3.1
74 silly currentTree ├── core-js@2.4.1
74 silly currentTree ├── core-util-is@1.0.2
74 silly currentTree ├── cryptiles@2.0.5
74 silly currentTree ├─┬ dashdash@1.14.1
74 silly currentTree │ └── assert-plus@1.0.0
74 silly currentTree ├── debug@2.6.1
74 silly currentTree ├── delayed-stream@1.0.0
74 silly currentTree ├── depd@1.1.0
74 silly currentTree ├── deprecate@0.1.0
74 silly currentTree ├── destroy@1.0.4
74 silly currentTree ├── dotenv@1.2.0
74 silly currentTree ├── ecc-jsbn@0.1.1
74 silly currentTree ├── ecdsa-sig-formatter@1.0.9
74 silly currentTree ├── ee-first@1.1.1
74 silly currentTree ├── encodeurl@1.0.1
74 silly currentTree ├── escape-html@1.0.3
74 silly currentTree ├── escape-string-regexp@1.0.5
74 silly currentTree ├── etag@1.8.0
74 silly currentTree ├── express@4.15.2
74 silly currentTree ├── extend@3.0.0
74 silly currentTree ├── extsprintf@1.0.2
74 silly currentTree ├── finalhandler@1.0.0
74 silly currentTree ├── forever-agent@0.6.1
74 silly currentTree ├── form-data@1.0.1
74 silly currentTree ├── forwarded@0.1.0
74 silly currentTree ├── fresh@0.5.0
74 silly currentTree ├── generate-function@2.0.0
74 silly currentTree ├── generate-object-property@1.2.0
74 silly currentTree ├─┬ getpass@0.1.6
74 silly currentTree │ └── assert-plus@1.0.0
74 silly currentTree ├── graceful-readlink@1.0.1
74 silly currentTree ├── har-validator@2.0.6
74 silly currentTree ├── has-ansi@2.0.0
74 silly currentTree ├── hawk@3.1.3
74 silly currentTree ├── hoek@2.16.3
74 silly currentTree ├── http-errors@1.6.1
74 silly currentTree ├── http-signature@1.1.1
74 silly currentTree ├── iconv-lite@0.4.15
74 silly currentTree ├── inherits@2.0.3
74 silly currentTree ├── ipaddr.js@1.2.0
74 silly currentTree ├── is-my-json-valid@2.16.0
74 silly currentTree ├── is-property@1.0.2
74 silly currentTree ├── is-typedarray@1.0.0
74 silly currentTree ├── isarray@1.0.0
74 silly currentTree ├── isstream@0.1.2
74 silly currentTree ├── jodid25519@1.0.2
74 silly currentTree ├── jsbn@0.1.1
74 silly currentTree ├── json-schema@0.2.3
74 silly currentTree ├── json-stringify-safe@5.0.1
74 silly currentTree ├── jsonpointer@4.0.1
74 silly currentTree ├── jsonwebtoken@5.4.1
74 silly currentTree ├── jsprim@1.3.1
74 silly currentTree ├── jwa@1.1.5
74 silly currentTree ├── jws@3.1.4
74 silly currentTree ├── lodash@4.17.4
74 silly currentTree ├── media-typer@0.3.0
74 silly currentTree ├── merge-descriptors@1.0.1
74 silly currentTree ├── methods@1.1.2
74 silly currentTree ├── mime-db@1.26.0
74 silly currentTree ├── mime-types@2.1.14
74 silly currentTree ├── mime@1.3.4
74 silly currentTree ├── ms@0.7.2
74 silly currentTree ├── negotiator@0.6.1
74 silly currentTree ├── node-uuid@1.4.7
74 silly currentTree ├── oauth-sign@0.8.2
74 silly currentTree ├── on-finished@2.3.0
74 silly currentTree ├── options@0.0.6
74 silly currentTree ├── parse@1.9.2
74 silly currentTree ├── parseurl@1.3.1
74 silly currentTree ├── path-to-regexp@0.1.7
74 silly currentTree ├── pinkie-promise@2.0.1
74 silly currentTree ├── pinkie@2.0.4
74 silly currentTree ├── process-nextick-args@1.0.7
74 silly currentTree ├── proxy-addr@1.1.3
74 silly currentTree ├── punycode@1.4.1
74 silly currentTree ├── q@0.9.7
74 silly currentTree ├── qs@6.4.0
74 silly currentTree ├── range-parser@1.2.0
74 silly currentTree ├── raw-body@2.2.0
74 silly currentTree ├── readable-stream@2.0.6
74 silly currentTree ├── regenerator-runtime@0.10.3
74 silly currentTree ├─┬ request@2.74.0
74 silly currentTree │ └── qs@6.2.3
74 silly currentTree ├── safe-buffer@5.0.1
74 silly currentTree ├── scmp@0.0.3
74 silly currentTree ├── send@0.15.1
74 silly currentTree ├── serve-static@1.12.1
74 silly currentTree ├── setprototypeof@1.0.3
74 silly currentTree ├── sntp@1.0.9
74 silly currentTree ├─┬ sshpk@1.11.0
74 silly currentTree │ └── assert-plus@1.0.0
74 silly currentTree ├── statuses@1.3.1
74 silly currentTree ├── string_decoder@0.10.31
74 silly currentTree ├── string.prototype.startswith@0.2.0
74 silly currentTree ├── stringstream@0.0.5
74 silly currentTree ├── strip-ansi@3.0.1
74 silly currentTree ├── supports-color@2.0.0
74 silly currentTree ├── tough-cookie@2.3.2
74 silly currentTree ├── tunnel-agent@0.4.3
74 silly currentTree ├── tweetnacl@0.14.5
74 silly currentTree ├── twilio@2.11.1
74 silly currentTree ├── type-is@1.6.14
74 silly currentTree ├── ultron@1.0.2
74 silly currentTree ├── underscore@1.8.3
74 silly currentTree ├── unpipe@1.0.0
74 silly currentTree ├── util-deprecate@1.0.2
74 silly currentTree ├── utils-merge@1.0.0
74 silly currentTree ├── uuid@3.0.1
74 silly currentTree ├── vary@1.1.0
74 silly currentTree ├── verror@1.3.6
74 silly currentTree ├── ws@1.1.2
74 silly currentTree ├── xmlhttprequest@1.8.0
74 silly currentTree └── xtend@4.0.1
75 silly idealTree video-quickstart-node@1.0.0
75 silly idealTree ├── accepts@1.3.3
75 silly idealTree ├── ansi-regex@2.1.1
75 silly idealTree ├── ansi-styles@2.2.1
75 silly idealTree ├── array-flatten@1.1.1
75 silly idealTree ├── asn1@0.2.3
75 silly idealTree ├── assert-plus@0.2.0
75 silly idealTree ├── async@2.1.5
75 silly idealTree ├── aws-sign2@0.6.0
75 silly idealTree ├── aws4@1.6.0
75 silly idealTree ├── babel-runtime@6.23.0
75 silly idealTree ├── base64@2.1.0
75 silly idealTree ├── base64url@2.0.0
75 silly idealTree ├── bcrypt-pbkdf@1.0.1
75 silly idealTree ├── bl@1.1.2
75 silly idealTree ├── body-parser@1.17.1
75 silly idealTree ├── boom@2.10.1
75 silly idealTree ├── buffer-equal-constant-time@1.0.1
75 silly idealTree ├── bytes@2.4.0
75 silly idealTree ├── caseless@0.11.0
75 silly idealTree ├── chalk@1.1.3
75 silly idealTree ├── combined-stream@1.0.5
75 silly idealTree ├── commander@2.9.0
75 silly idealTree ├── content-disposition@0.5.2
75 silly idealTree ├── content-type@1.0.2
75 silly idealTree ├── cookie-signature@1.0.6
75 silly idealTree ├── cookie@0.3.1
75 silly idealTree ├── core-js@2.4.1
75 silly idealTree ├── core-util-is@1.0.2
75 silly idealTree ├── cryptiles@2.0.5
75 silly idealTree ├─┬ dashdash@1.14.1
75 silly idealTree │ └── assert-plus@1.0.0
75 silly idealTree ├── debug@2.6.1
75 silly idealTree ├── delayed-stream@1.0.0
75 silly idealTree ├── depd@1.1.0
75 silly idealTree ├── deprecate@0.1.0
75 silly idealTree ├── destroy@1.0.4
75 silly idealTree ├── dotenv@1.2.0
75 silly idealTree ├── ecc-jsbn@0.1.1
75 silly idealTree ├── ecdsa-sig-formatter@1.0.9
75 silly idealTree ├── ee-first@1.1.1
75 silly idealTree ├── encodeurl@1.0.1
75 silly idealTree ├── escape-html@1.0.3
75 silly idealTree ├── escape-string-regexp@1.0.5
75 silly idealTree ├── etag@1.8.0
75 silly idealTree ├── express@4.15.2
75 silly idealTree ├── extend@3.0.0
75 silly idealTree ├── extsprintf@1.0.2
75 silly idealTree ├── finalhandler@1.0.0
75 silly idealTree ├── forever-agent@0.6.1
75 silly idealTree ├── form-data@1.0.1
75 silly idealTree ├── forwarded@0.1.0
75 silly idealTree ├── fresh@0.5.0
75 silly idealTree ├── generate-function@2.0.0
75 silly idealTree ├── generate-object-property@1.2.0
75 silly idealTree ├─┬ getpass@0.1.6
75 silly idealTree │ └── assert-plus@1.0.0
75 silly idealTree ├── graceful-readlink@1.0.1
75 silly idealTree ├── har-validator@2.0.6
75 silly idealTree ├── has-ansi@2.0.0
75 silly idealTree ├── hawk@3.1.3
75 silly idealTree ├── hoek@2.16.3
75 silly idealTree ├── http-errors@1.6.1
75 silly idealTree ├── http-signature@1.1.1
75 silly idealTree ├── iconv-lite@0.4.15
75 silly idealTree ├── inherits@2.0.3
75 silly idealTree ├── ipaddr.js@1.2.0
75 silly idealTree ├── is-my-json-valid@2.16.0
75 silly idealTree ├── is-property@1.0.2
75 silly idealTree ├── is-typedarray@1.0.0
75 silly idealTree ├── isarray@1.0.0
75 silly idealTree ├── isstream@0.1.2
75 silly idealTree ├── jodid25519@1.0.2
75 silly idealTree ├── jsbn@0.1.1
75 silly idealTree ├── json-schema@0.2.3
75 silly idealTree ├── json-stringify-safe@5.0.1
75 silly idealTree ├── jsonpointer@4.0.1
75 silly idealTree ├── jsonwebtoken@5.4.1
75 silly idealTree ├── jsprim@1.3.1
75 silly idealTree ├── jwa@1.1.5
75 silly idealTree ├── jws@3.1.4
75 silly idealTree ├── lodash@4.17.4
75 silly idealTree ├── media-typer@0.3.0
75 silly idealTree ├── merge-descriptors@1.0.1
75 silly idealTree ├── methods@1.1.2
75 silly idealTree ├── mime-db@1.26.0
75 silly idealTree ├── mime-types@2.1.14
75 silly idealTree ├── mime@1.3.4
75 silly idealTree ├── ms@0.7.2
75 silly idealTree ├── negotiator@0.6.1
75 silly idealTree ├── node-uuid@1.4.7
75 silly idealTree ├── oauth-sign@0.8.2
75 silly idealTree ├── on-finished@2.3.0
75 silly idealTree ├── options@0.0.6
75 silly idealTree ├── parse@1.9.2
75 silly idealTree ├── parseurl@1.3.1
75 silly idealTree ├── path-to-regexp@0.1.7
75 silly idealTree ├── pinkie-promise@2.0.1
75 silly idealTree ├── pinkie@2.0.4
75 silly idealTree ├── process-nextick-args@1.0.7
75 silly idealTree ├── proxy-addr@1.1.3
75 silly idealTree ├── punycode@1.4.1
75 silly idealTree ├── q@0.9.7
75 silly idealTree ├── qs@6.4.0
75 silly idealTree ├── range-parser@1.2.0
75 silly idealTree ├── raw-body@2.2.0
75 silly idealTree ├── readable-stream@2.0.6
75 silly idealTree ├── regenerator-runtime@0.10.3
75 silly idealTree ├─┬ request@2.74.0
75 silly idealTree │ └── qs@6.2.3
75 silly idealTree ├── safe-buffer@5.0.1
75 silly idealTree ├── scmp@0.0.3
75 silly idealTree ├── send@0.15.1
75 silly idealTree ├── serve-static@1.12.1
75 silly idealTree ├── setprototypeof@1.0.3
75 silly idealTree ├── sntp@1.0.9
75 silly idealTree ├─┬ sshpk@1.11.0
75 silly idealTree │ └── assert-plus@1.0.0
75 silly idealTree ├── statuses@1.3.1
75 silly idealTree ├── string_decoder@0.10.31
75 silly idealTree ├── string.prototype.startswith@0.2.0
75 silly idealTree ├── stringstream@0.0.5
75 silly idealTree ├── strip-ansi@3.0.1
75 silly idealTree ├── supports-color@2.0.0
75 silly idealTree ├── tough-cookie@2.3.2
75 silly idealTree ├── tunnel-agent@0.4.3
75 silly idealTree ├── tweetnacl@0.14.5
75 silly idealTree ├── twilio@2.11.1
75 silly idealTree ├── type-is@1.6.14
75 silly idealTree ├── ultron@1.0.2
75 silly idealTree ├── underscore@1.8.3
75 silly idealTree ├── unpipe@1.0.0
75 silly idealTree ├── util-deprecate@1.0.2
75 silly idealTree ├── utils-merge@1.0.0
75 silly idealTree ├── uuid@3.0.1
75 silly idealTree ├── vary@1.1.0
75 silly idealTree ├── verror@1.3.6
75 silly idealTree ├── ws@1.1.2
75 silly idealTree ├── xmlhttprequest@1.8.0
75 silly idealTree └── xtend@4.0.1
76 silly generateActionsToTake Starting
77 silly install generateActionsToTake
78 silly generateActionsToTake Finishing
79 silly diffTrees action count 1
80 silly diffTrees add base64@2.1.0
81 silly decomposeActions action count 8
82 silly decomposeActions fetch base64@2.1.0
83 silly decomposeActions extract base64@2.1.0
84 silly decomposeActions test base64@2.1.0
85 silly decomposeActions preinstall base64@2.1.0
86 silly decomposeActions build base64@2.1.0
87 silly decomposeActions install base64@2.1.0
88 silly decomposeActions postinstall base64@2.1.0
89 silly decomposeActions finalize base64@2.1.0
90 silly runTopLevelLifecycles Starting
91 silly executeActions Starting
92 silly install executeActions
93 silly doSerial global-install 0
94 silly doParallel fetch 1
95 verbose correctMkdir /home/daniel/.npm/_locks correctMkdir not in flight; initializing
96 verbose lock using /home/daniel/.npm/_locks/staging-205490145d23bb9f.lock for /home/daniel/Develop/StudenthackSolution/video-quickstart-node/node_modules/.staging
97 silly doParallel extract 1
98 silly extract base64@2.1.0
99 verbose unbuild node_modules/.staging/base64-0361d4e0
100 silly gentlyRm /home/daniel/Develop/StudenthackSolution/video-quickstart-node/node_modules/.staging/base64-0361d4e0 is being purged from base /home/daniel/Develop/StudenthackSolution/video-quickstart-node
101 verbose gentlyRm don't care about contents; nuking /home/daniel/Develop/StudenthackSolution/video-quickstart-node/node_modules/.staging/base64-0361d4e0
102 verbose tar unpack /home/daniel/.npm/base64/2.1.0/package.tgz
103 verbose tar unpacking to /home/daniel/Develop/StudenthackSolution/video-quickstart-node/node_modules/.staging/base64-0361d4e0
104 silly gentlyRm /home/daniel/Develop/StudenthackSolution/video-quickstart-node/node_modules/.staging/base64-0361d4e0 is being purged
105 verbose gentlyRm don't care about contents; nuking /home/daniel/Develop/StudenthackSolution/video-quickstart-node/node_modules/.staging/base64-0361d4e0
106 silly gunzTarPerm modes [ '775', '664' ]
107 silly gunzTarPerm extractEntry package.json
108 silly gunzTarPerm modified mode [ 'package.json', 420, 436 ]
109 silly gunzTarPerm extractEntry .npmignore
110 silly gunzTarPerm modified mode [ '.npmignore', 420, 436 ]
111 silly gunzTarPerm extractEntry base64.cc
112 silly gunzTarPerm modified mode [ 'base64.cc', 420, 436 ]
113 silly gunzTarPerm extractEntry readme.txt
114 silly gunzTarPerm modified mode [ 'readme.txt', 420, 436 ]
115 silly gunzTarPerm extractEntry test/encode.js
116 silly gunzTarPerm modified mode [ 'test/encode.js', 420, 436 ]
117 silly gunzTarPerm extractEntry test/test.sh
118 silly gunzTarPerm modified mode [ 'test/test.sh', 420, 436 ]
119 silly gunzTarPerm extractEntry test/perl-base64-encode.pl
120 silly gunzTarPerm modified mode [ 'test/perl-base64-encode.pl', 420, 436 ]
121 silly gunzTarPerm extractEntry test/hashes.json
122 silly gunzTarPerm modified mode [ 'test/hashes.json', 420, 436 ]
123 silly gunzTarPerm extractEntry test/data/data-rand-11
124 silly gunzTarPerm modified mode [ 'test/data/data-rand-11', 420, 436 ]
125 silly gunzTarPerm extractEntry test/data/data-rand-06
126 silly gunzTarPerm modified mode [ 'test/data/data-rand-06', 420, 436 ]
127 silly gunzTarPerm extractEntry test/data/data-png.png
128 silly gunzTarPerm modified mode [ 'test/data/data-png.png', 420, 436 ]
129 silly gunzTarPerm extractEntry test/data/data-rand-09
130 silly gunzTarPerm modified mode [ 'test/data/data-rand-09', 420, 436 ]
131 silly gunzTarPerm extractEntry test/data/data-rand-08
132 silly gunzTarPerm modified mode [ 'test/data/data-rand-08', 420, 436 ]
133 silly gunzTarPerm extractEntry test/data/data-rand-05
134 silly gunzTarPerm modified mode [ 'test/data/data-rand-05', 420, 436 ]
135 silly gunzTarPerm extractEntry test/data/data-rand-03
136 silly gunzTarPerm modified mode [ 'test/data/data-rand-03', 420, 436 ]
137 silly gunzTarPerm extractEntry test/data/data-rand-10
138 silly gunzTarPerm modified mode [ 'test/data/data-rand-10', 420, 436 ]
139 silly gunzTarPerm extractEntry test/data/data-rand-13
140 silly gunzTarPerm modified mode [ 'test/data/data-rand-13', 420, 436 ]
141 silly gunzTarPerm extractEntry test/data/data-rand-14
142 silly gunzTarPerm modified mode [ 'test/data/data-rand-14', 420, 436 ]
143 silly gunzTarPerm extractEntry test/data/data-rand-20
144 silly gunzTarPerm modified mode [ 'test/data/data-rand-20', 420, 436 ]
145 silly gunzTarPerm extractEntry test/data/data-source-code.c
146 silly gunzTarPerm modified mode [ 'test/data/data-source-code.c', 420, 436 ]
147 silly gunzTarPerm extractEntry test/data/data-rand-07
148 silly gunzTarPerm modified mode [ 'test/data/data-rand-07', 420, 436 ]
149 silly gunzTarPerm extractEntry test/data/data-rand-02
150 silly gunzTarPerm modified mode [ 'test/data/data-rand-02', 420, 436 ]
151 silly gunzTarPerm extractEntry test/data/data-rand-01
152 silly gunzTarPerm modified mode [ 'test/data/data-rand-01', 420, 436 ]
153 silly gunzTarPerm extractEntry test/data/data-rand-15
154 silly gunzTarPerm modified mode [ 'test/data/data-rand-15', 420, 436 ]
155 silly gunzTarPerm extractEntry test/data/data-rand-18
156 silly gunzTarPerm modified mode [ 'test/data/data-rand-18', 420, 436 ]
157 silly gunzTarPerm extractEntry test/data/data-rand-04
158 silly gunzTarPerm modified mode [ 'test/data/data-rand-04', 420, 436 ]
159 silly gunzTarPerm extractEntry test/data/data-rand-17
160 silly gunzTarPerm modified mode [ 'test/data/data-rand-17', 420, 436 ]
161 silly gunzTarPerm extractEntry test/data/data-rand-12
162 silly gunzTarPerm modified mode [ 'test/data/data-rand-12', 420, 436 ]
163 silly gunzTarPerm extractEntry test/data/data-rand-19
164 silly gunzTarPerm modified mode [ 'test/data/data-rand-19', 420, 436 ]
165 silly gunzTarPerm extractEntry test/data/data-rand-16
166 silly gunzTarPerm modified mode [ 'test/data/data-rand-16', 420, 436 ]
167 silly gunzTarPerm extractEntry package.json~
168 silly gunzTarPerm modified mode [ 'package.json~', 420, 436 ]
169 silly gunzTarPerm extractEntry binding.gyp
170 silly gunzTarPerm modified mode [ 'binding.gyp', 420, 436 ]
171 silly gentlyRm /home/daniel/Develop/StudenthackSolution/video-quickstart-node/node_modules/.staging/base64-0361d4e0/node_modules is being purged
172 verbose gentlyRm don't care about contents; nuking /home/daniel/Develop/StudenthackSolution/video-quickstart-node/node_modules/.staging/base64-0361d4e0/node_modules
173 silly doParallel preinstall 1
174 silly preinstall base64@2.1.0 /home/daniel/Develop/StudenthackSolution/video-quickstart-node/node_modules/.staging/base64-0361d4e0
175 info lifecycle base64@2.1.0~preinstall: base64@2.1.0
176 silly lifecycle base64@2.1.0~preinstall: no script for preinstall, continuing
177 silly doReverseSerial remove 0
178 silly doSerial move 0
179 silly doSerial finalize 1
180 silly finalize /home/daniel/Develop/StudenthackSolution/video-quickstart-node/node_modules/base64
181 silly doSerial build 1
182 silly build base64@2.1.0
183 info linkStuff base64@2.1.0
184 silly linkStuff base64@2.1.0 has /home/daniel/Develop/StudenthackSolution/video-quickstart-node/node_modules as its parent node_modules
185 verbose linkBins base64@2.1.0
186 verbose linkMans base64@2.1.0
187 silly doSerial global-link 0
188 silly doParallel update-linked 0
189 silly doSerial install 1
190 silly install base64@2.1.0 /home/daniel/Develop/StudenthackSolution/video-quickstart-node/node_modules/.staging/base64-0361d4e0
191 info lifecycle base64@2.1.0~install: base64@2.1.0
192 verbose lifecycle base64@2.1.0~install: unsafe-perm in lifecycle true
193 verbose lifecycle base64@2.1.0~install: PATH: /opt/node-v6.10.0-linux-x64/lib/node_modules/npm/bin/node-gyp-bin:/home/daniel/Develop/StudenthackSolution/video-quickstart-node/node_modules/base64/node_modules/.bin:/home/daniel/Develop/StudenthackSolution/video-quickstart-node/node_modules/.bin:/home/daniel/bin:/home/daniel/.local/bin:/home/daniel/bin:/home/daniel/.local/bin:/usr/local/sbin:/usr/local/bin:/usr/sbin:/usr/bin:/sbin:/bin:/usr/games:/usr/local/games:/snap/bin:/opt/node-v6.10.0-linux-x64/bin/:/opt/jdk1.8.0_121//bin:/opt/gradle-3.4.1//bin:/opt/Python-3.6.0//bin:/snap/bin:/opt/node-v6.10.0-linux-x64/bin/:/opt/jdk1.8.0_121//bin:/opt/gradle-3.4.1//bin:/opt/Python-3.6.0//bin
194 verbose lifecycle base64@2.1.0~install: CWD: /home/daniel/Develop/StudenthackSolution/video-quickstart-node/node_modules/base64
195 silly lifecycle base64@2.1.0~install: Args: [ '-c', 'node-gyp rebuild' ]
196 silly lifecycle base64@2.1.0~install: Returned: code: 1  signal: null
197 info lifecycle base64@2.1.0~install: Failed to exec install script
198 verbose unlock done using /home/daniel/.npm/_locks/staging-205490145d23bb9f.lock for /home/daniel/Develop/StudenthackSolution/video-quickstart-node/node_modules/.staging
199 silly rollbackFailedOptional Starting
200 silly rollbackFailedOptional Finishing
201 silly runTopLevelLifecycles Finishing
202 silly install printInstalled
203 verbose stack Error: base64@2.1.0 install: `node-gyp rebuild`
203 verbose stack Exit status 1
203 verbose stack     at EventEmitter.<anonymous> (/opt/node-v6.10.0-linux-x64/lib/node_modules/npm/lib/utils/lifecycle.js:255:16)
203 verbose stack     at emitTwo (events.js:106:13)
203 verbose stack     at EventEmitter.emit (events.js:191:7)
203 verbose stack     at ChildProcess.<anonymous> (/opt/node-v6.10.0-linux-x64/lib/node_modules/npm/lib/utils/spawn.js:40:14)
203 verbose stack     at emitTwo (events.js:106:13)
203 verbose stack     at ChildProcess.emit (events.js:191:7)
203 verbose stack     at maybeClose (internal/child_process.js:877:16)
203 verbose stack     at Process.ChildProcess._handle.onexit (internal/child_process.js:226:5)
204 verbose pkgid base64@2.1.0
205 verbose cwd /home/daniel/Develop/StudenthackSolution/video-quickstart-node
206 error Linux 4.8.0-41-generic
207 error argv "/opt/node-v6.10.0-linux-x64/bin/node" "/opt/node-v6.10.0-linux-x64/bin/npm" "install" "--save" "base64"
208 error node v6.10.0
209 error npm  v3.10.10
210 error code ELIFECYCLE
211 error base64@2.1.0 install: `node-gyp rebuild`
211 error Exit status 1
212 error Failed at the base64@2.1.0 install script 'node-gyp rebuild'.
212 error Make sure you have the latest version of node.js and npm installed.
212 error If you do, this is most likely a problem with the base64 package,
212 error not with npm itself.
212 error Tell the author that this fails on your system:
212 error     node-gyp rebuild
212 error You can get information on how to open an issue for this project with:
212 error     npm bugs base64
212 error Or if that isn't available, you can get their info via:
212 error     npm owner ls base64
212 error There is likely additional logging output above.
213 verbose exit [ 1, true ]
